
 /----------------------------------------------------------------------------\
 |                                                                            |
 |  yosys -- Yosys Open SYnthesis Suite                                       |
 |                                                                            |
 |  Copyright (C) 2012 - 2019  Clifford Wolf <clifford@clifford.at>           |
 |                                                                            |
 |  Permission to use, copy, modify, and/or distribute this software for any  |
 |  purpose with or without fee is hereby granted, provided that the above    |
 |  copyright notice and this permission notice appear in all copies.         |
 |                                                                            |
 |  THE SOFTWARE IS PROVIDED "AS IS" AND THE AUTHOR DISCLAIMS ALL WARRANTIES  |
 |  WITH REGARD TO THIS SOFTWARE INCLUDING ALL IMPLIED WARRANTIES OF          |
 |  MERCHANTABILITY AND FITNESS. IN NO EVENT SHALL THE AUTHOR BE LIABLE FOR   |
 |  ANY SPECIAL, DIRECT, INDIRECT, OR CONSEQUENTIAL DAMAGES OR ANY DAMAGES    |
 |  WHATSOEVER RESULTING FROM LOSS OF USE, DATA OR PROFITS, WHETHER IN AN     |
 |  ACTION OF CONTRACT, NEGLIGENCE OR OTHER TORTIOUS ACTION, ARISING OUT OF   |
 |  OR IN CONNECTION WITH THE USE OR PERFORMANCE OF THIS SOFTWARE.            |
 |                                                                            |
 \----------------------------------------------------------------------------/

 Yosys 0.9 (git sha1 1979e0b)


-- Executing script file `run.ys' --

1. Executing Verilog-2005 frontend: przesuniecie.sv
Parsing SystemVerilog input from `przesuniecie.sv' to AST representation.
Generating RTLIL representation for module `\przesuniecie'.
Successfully finished Verilog frontend.

2. Executing HIERARCHY pass (managing design hierarchy).

2.1. Analyzing design hierarchy..
Top module:  \przesuniecie_rtl

2.2. Analyzing design hierarchy..
Top module:  \przesuniecie_rtl
Removing unused module `\przesuniecie'.
Removed 1 unused modules.

3. Executing SYNTH pass.

3.1. Executing HIERARCHY pass (managing design hierarchy).

3.1.1. Analyzing design hierarchy..
Top module:  \przesuniecie_rtl

3.1.2. Analyzing design hierarchy..
Top module:  \przesuniecie_rtl
Removed 0 unused modules.

3.2. Executing PROC pass (convert processes to netlists).

3.2.1. Executing PROC_CLEAN pass (remove empty switches from decision trees).
Cleaned up 0 empty switches.

3.2.2. Executing PROC_RMDEAD pass (remove dead branches from decision trees).
Marked 4 switch rules as full_case in process $proc$przesuniecie.sv:13$1 in module przesuniecie_rtl.
Removed a total of 0 dead cases.

3.2.3. Executing PROC_INIT pass (extract init attributes).

3.2.4. Executing PROC_ARST pass (detect async resets in processes).

3.2.5. Executing PROC_MUX pass (convert decision trees to multiplexers).
Creating decoders for process `\przesuniecie_rtl.$proc$przesuniecie.sv:13$1'.
     1/9: $4\o_error[0:0]
     2/9: $3\o_error[0:0]
     3/9: $3\o_result[31:0]
     4/9: $2\o_error[0:0]
     5/9: $2\o_result[31:0]
     6/9: $1\o_error[0:0]
     7/9: $1\o_result[31:0]
     8/9: $0\o_error[0:0]
     9/9: $0\o_result[31:0]

3.2.6. Executing PROC_DLATCH pass (convert process syncs to latches).
No latch inferred for signal `\przesuniecie_rtl.\o_result' from process `\przesuniecie_rtl.$proc$przesuniecie.sv:13$1'.
No latch inferred for signal `\przesuniecie_rtl.\o_error' from process `\przesuniecie_rtl.$proc$przesuniecie.sv:13$1'.

3.2.7. Executing PROC_DFF pass (convert process syncs to FFs).

3.2.8. Executing PROC_CLEAN pass (remove empty switches from decision trees).
Found and cleaned up 4 empty switches in `\przesuniecie_rtl.$proc$przesuniecie.sv:13$1'.
Removing empty process `przesuniecie_rtl.$proc$przesuniecie.sv:13$1'.
Cleaned up 4 empty switches.

3.3. Executing OPT_EXPR pass (perform const folding).
Optimizing module przesuniecie_rtl.
<suppressed ~1 debug messages>

3.4. Executing OPT_CLEAN pass (remove unused cells and wires).
Finding unused cells or wires in module \przesuniecie_rtl..
Removed 0 unused cells and 28 unused wires.
<suppressed ~2 debug messages>

3.5. Executing CHECK pass (checking for obvious problems).
checking module przesuniecie_rtl..
found and reported 0 problems.

3.6. Executing OPT pass (performing simple optimizations).

3.6.1. Executing OPT_EXPR pass (perform const folding).
Optimizing module przesuniecie_rtl.

3.6.2. Executing OPT_MERGE pass (detect identical cells).
Finding identical cells in module `\przesuniecie_rtl'.
<suppressed ~12 debug messages>
Removed a total of 4 cells.

3.6.3. Executing OPT_MUXTREE pass (detect dead branches in mux trees).
Running muxtree optimizer on module \przesuniecie_rtl..
  Creating internal representation of mux trees.
  Evaluating internal representation of mux trees.
  Analyzing evaluation results.
    dead port 1/2 on $mux $procmux$25.
    dead port 1/2 on $mux $procmux$28.
    dead port 1/2 on $mux $procmux$31.
    dead port 1/2 on $mux $procmux$37.
    dead port 1/2 on $mux $procmux$40.
    dead port 1/2 on $mux $procmux$46.
    dead port 1/2 on $mux $procmux$49.
    dead port 1/2 on $mux $procmux$55.
    dead port 1/2 on $mux $procmux$61.
Removed 9 multiplexer ports.
<suppressed ~2 debug messages>

3.6.4. Executing OPT_REDUCE pass (consolidate $*mux and $reduce_* inputs).
  Optimizing cells in module \przesuniecie_rtl.
Performed a total of 0 changes.

3.6.5. Executing OPT_MERGE pass (detect identical cells).
Finding identical cells in module `\przesuniecie_rtl'.
Removed a total of 0 cells.

3.6.6. Executing OPT_RMDFF pass (remove dff with constant values).

3.6.7. Executing OPT_CLEAN pass (remove unused cells and wires).
Finding unused cells or wires in module \przesuniecie_rtl..
Removed 0 unused cells and 13 unused wires.
<suppressed ~1 debug messages>

3.6.8. Executing OPT_EXPR pass (perform const folding).
Optimizing module przesuniecie_rtl.

3.6.9. Rerunning OPT passes. (Maybe there is more to do..)

3.6.10. Executing OPT_MUXTREE pass (detect dead branches in mux trees).
Running muxtree optimizer on module \przesuniecie_rtl..
  Creating internal representation of mux trees.
  Evaluating internal representation of mux trees.
  Analyzing evaluation results.
Removed 0 multiplexer ports.
<suppressed ~2 debug messages>

3.6.11. Executing OPT_REDUCE pass (consolidate $*mux and $reduce_* inputs).
  Optimizing cells in module \przesuniecie_rtl.
Performed a total of 0 changes.

3.6.12. Executing OPT_MERGE pass (detect identical cells).
Finding identical cells in module `\przesuniecie_rtl'.
Removed a total of 0 cells.

3.6.13. Executing OPT_RMDFF pass (remove dff with constant values).

3.6.14. Executing OPT_CLEAN pass (remove unused cells and wires).
Finding unused cells or wires in module \przesuniecie_rtl..

3.6.15. Executing OPT_EXPR pass (perform const folding).
Optimizing module przesuniecie_rtl.

3.6.16. Finished OPT passes. (There is nothing left to do.)

3.7. Executing WREDUCE pass (reducing word size of cells).
Removed top 31 bits (of 32) from port B of cell przesuniecie_rtl.$gt$przesuniecie.sv:20$3 ($gt).
Removed top 25 bits (of 32) from port B of cell przesuniecie_rtl.$lt$przesuniecie.sv:20$5 ($lt).
Removed top 1 bits (of 33) from port A of cell przesuniecie_rtl.$not$przesuniecie.sv:27$12 ($not).
Removed top 25 bits (of 32) from port B of cell przesuniecie_rtl.$ge$przesuniecie.sv:34$16 ($ge).
Removed top 31 bits (of 32) from port B of cell przesuniecie_rtl.$lt$przesuniecie.sv:35$17 ($lt).
Removed top 31 bits (of 32) from port B of cell przesuniecie_rtl.$lt$przesuniecie.sv:40$20 ($lt).
Removed cell przesuniecie_rtl.$procmux$43 ($mux).

3.8. Executing PEEPOPT pass (run peephole optimizers).

3.9. Executing OPT_CLEAN pass (remove unused cells and wires).
Finding unused cells or wires in module \przesuniecie_rtl..
Removed 0 unused cells and 1 unused wires.
<suppressed ~1 debug messages>

3.10. Executing TECHMAP pass (map to technology primitives).

3.10.1. Executing Verilog-2005 frontend: /usr/bin/../share/yosys/cmp2lut.v
Parsing Verilog input from `/usr/bin/../share/yosys/cmp2lut.v' to AST representation.
Generating RTLIL representation for module `\_90_lut_cmp_'.
Successfully finished Verilog frontend.

3.10.2. Continuing TECHMAP pass.
No more expansions possible.
<suppressed ~84 debug messages>

3.11. Executing ALUMACC pass (create $alu and $macc cells).
Extracting $alu and $macc cells in module przesuniecie_rtl:
  creating $alu model for $ge$przesuniecie.sv:34$16 ($ge): new $alu
  creating $alu model for $gt$przesuniecie.sv:20$3 ($gt): new $alu
  creating $alu model for $lt$przesuniecie.sv:20$5 ($lt): merged with $ge$przesuniecie.sv:34$16.
  creating $alu model for $lt$przesuniecie.sv:35$17 ($lt): new $alu
  creating $alu model for $lt$przesuniecie.sv:40$20 ($lt): merged with $gt$przesuniecie.sv:20$3.
  creating $alu cell for $lt$przesuniecie.sv:35$17: $auto$alumacc.cc:474:replace_alu$72
  creating $alu cell for $gt$przesuniecie.sv:20$3, $lt$przesuniecie.sv:40$20: $auto$alumacc.cc:474:replace_alu$85
  creating $alu cell for $ge$przesuniecie.sv:34$16, $lt$przesuniecie.sv:20$5: $auto$alumacc.cc:474:replace_alu$98
  created 3 $alu and 0 $macc cells.

3.12. Executing SHARE pass (SAT-based resource sharing).

3.13. Executing OPT pass (performing simple optimizations).

3.13.1. Executing OPT_EXPR pass (perform const folding).
Optimizing module przesuniecie_rtl.
<suppressed ~2 debug messages>

3.13.2. Executing OPT_MERGE pass (detect identical cells).
Finding identical cells in module `\przesuniecie_rtl'.
Removed a total of 0 cells.

3.13.3. Executing OPT_MUXTREE pass (detect dead branches in mux trees).
Running muxtree optimizer on module \przesuniecie_rtl..
  Creating internal representation of mux trees.
  Evaluating internal representation of mux trees.
  Analyzing evaluation results.
Removed 0 multiplexer ports.
<suppressed ~2 debug messages>

3.13.4. Executing OPT_REDUCE pass (consolidate $*mux and $reduce_* inputs).
  Optimizing cells in module \przesuniecie_rtl.
    New input vector for $reduce_and cell $auto$alumacc.cc:64:get_eq$75: { $auto$alumacc.cc:490:replace_alu$73 [0] $auto$alumacc.cc:490:replace_alu$73 [1] $auto$alumacc.cc:490:replace_alu$73 [2] $auto$alumacc.cc:490:replace_alu$73 [3] $auto$alumacc.cc:490:replace_alu$73 [4] $auto$alumacc.cc:490:replace_alu$73 [5] $auto$alumacc.cc:490:replace_alu$73 [6] $auto$alumacc.cc:490:replace_alu$73 [7] $auto$alumacc.cc:490:replace_alu$73 [8] $auto$alumacc.cc:490:replace_alu$73 [9] $auto$alumacc.cc:490:replace_alu$73 [10] $auto$alumacc.cc:490:replace_alu$73 [11] $auto$alumacc.cc:490:replace_alu$73 [12] $auto$alumacc.cc:490:replace_alu$73 [13] $auto$alumacc.cc:490:replace_alu$73 [14] $auto$alumacc.cc:490:replace_alu$73 [15] $auto$alumacc.cc:490:replace_alu$73 [16] $auto$alumacc.cc:490:replace_alu$73 [17] $auto$alumacc.cc:490:replace_alu$73 [18] $auto$alumacc.cc:490:replace_alu$73 [19] $auto$alumacc.cc:490:replace_alu$73 [20] $auto$alumacc.cc:490:replace_alu$73 [21] $auto$alumacc.cc:490:replace_alu$73 [22] $auto$alumacc.cc:490:replace_alu$73 [23] $auto$alumacc.cc:490:replace_alu$73 [24] $auto$alumacc.cc:490:replace_alu$73 [25] $auto$alumacc.cc:490:replace_alu$73 [26] $auto$alumacc.cc:490:replace_alu$73 [27] $auto$alumacc.cc:490:replace_alu$73 [28] $auto$alumacc.cc:490:replace_alu$73 [29] $auto$alumacc.cc:490:replace_alu$73 [30] $auto$alumacc.cc:490:replace_alu$73 [31] }
    New input vector for $reduce_and cell $auto$alumacc.cc:64:get_eq$92: { $auto$alumacc.cc:490:replace_alu$86 [0] $auto$alumacc.cc:490:replace_alu$86 [1] $auto$alumacc.cc:490:replace_alu$86 [2] $auto$alumacc.cc:490:replace_alu$86 [3] $auto$alumacc.cc:490:replace_alu$86 [4] $auto$alumacc.cc:490:replace_alu$86 [5] $auto$alumacc.cc:490:replace_alu$86 [6] $auto$alumacc.cc:490:replace_alu$86 [7] $auto$alumacc.cc:490:replace_alu$86 [8] $auto$alumacc.cc:490:replace_alu$86 [9] $auto$alumacc.cc:490:replace_alu$86 [10] $auto$alumacc.cc:490:replace_alu$86 [11] $auto$alumacc.cc:490:replace_alu$86 [12] $auto$alumacc.cc:490:replace_alu$86 [13] $auto$alumacc.cc:490:replace_alu$86 [14] $auto$alumacc.cc:490:replace_alu$86 [15] $auto$alumacc.cc:490:replace_alu$86 [16] $auto$alumacc.cc:490:replace_alu$86 [17] $auto$alumacc.cc:490:replace_alu$86 [18] $auto$alumacc.cc:490:replace_alu$86 [19] $auto$alumacc.cc:490:replace_alu$86 [20] $auto$alumacc.cc:490:replace_alu$86 [21] $auto$alumacc.cc:490:replace_alu$86 [22] $auto$alumacc.cc:490:replace_alu$86 [23] $auto$alumacc.cc:490:replace_alu$86 [24] $auto$alumacc.cc:490:replace_alu$86 [25] $auto$alumacc.cc:490:replace_alu$86 [26] $auto$alumacc.cc:490:replace_alu$86 [27] $auto$alumacc.cc:490:replace_alu$86 [28] $auto$alumacc.cc:490:replace_alu$86 [29] $auto$alumacc.cc:490:replace_alu$86 [30] $auto$alumacc.cc:490:replace_alu$86 [31] }
    New input vector for $reduce_and cell $auto$alumacc.cc:64:get_eq$105: { $auto$alumacc.cc:490:replace_alu$99 [0] $auto$alumacc.cc:490:replace_alu$99 [1] $auto$alumacc.cc:490:replace_alu$99 [2] $auto$alumacc.cc:490:replace_alu$99 [3] $auto$alumacc.cc:490:replace_alu$99 [4] $auto$alumacc.cc:490:replace_alu$99 [5] $auto$alumacc.cc:490:replace_alu$99 [6] $auto$alumacc.cc:490:replace_alu$99 [7] $auto$alumacc.cc:490:replace_alu$99 [8] $auto$alumacc.cc:490:replace_alu$99 [9] $auto$alumacc.cc:490:replace_alu$99 [10] $auto$alumacc.cc:490:replace_alu$99 [11] $auto$alumacc.cc:490:replace_alu$99 [12] $auto$alumacc.cc:490:replace_alu$99 [13] $auto$alumacc.cc:490:replace_alu$99 [14] $auto$alumacc.cc:490:replace_alu$99 [15] $auto$alumacc.cc:490:replace_alu$99 [16] $auto$alumacc.cc:490:replace_alu$99 [17] $auto$alumacc.cc:490:replace_alu$99 [18] $auto$alumacc.cc:490:replace_alu$99 [19] $auto$alumacc.cc:490:replace_alu$99 [20] $auto$alumacc.cc:490:replace_alu$99 [21] $auto$alumacc.cc:490:replace_alu$99 [22] $auto$alumacc.cc:490:replace_alu$99 [23] $auto$alumacc.cc:490:replace_alu$99 [24] $auto$alumacc.cc:490:replace_alu$99 [25] $auto$alumacc.cc:490:replace_alu$99 [26] $auto$alumacc.cc:490:replace_alu$99 [27] $auto$alumacc.cc:490:replace_alu$99 [28] $auto$alumacc.cc:490:replace_alu$99 [29] $auto$alumacc.cc:490:replace_alu$99 [30] $auto$alumacc.cc:490:replace_alu$99 [31] }
  Optimizing cells in module \przesuniecie_rtl.
Performed a total of 3 changes.

3.13.5. Executing OPT_MERGE pass (detect identical cells).
Finding identical cells in module `\przesuniecie_rtl'.
Removed a total of 0 cells.

3.13.6. Executing OPT_RMDFF pass (remove dff with constant values).

3.13.7. Executing OPT_CLEAN pass (remove unused cells and wires).
Finding unused cells or wires in module \przesuniecie_rtl..
Removed 2 unused cells and 7 unused wires.
<suppressed ~3 debug messages>

3.13.8. Executing OPT_EXPR pass (perform const folding).
Optimizing module przesuniecie_rtl.

3.13.9. Rerunning OPT passes. (Maybe there is more to do..)

3.13.10. Executing OPT_MUXTREE pass (detect dead branches in mux trees).
Running muxtree optimizer on module \przesuniecie_rtl..
  Creating internal representation of mux trees.
  Evaluating internal representation of mux trees.
  Analyzing evaluation results.
Removed 0 multiplexer ports.
<suppressed ~2 debug messages>

3.13.11. Executing OPT_REDUCE pass (consolidate $*mux and $reduce_* inputs).
  Optimizing cells in module \przesuniecie_rtl.
Performed a total of 0 changes.

3.13.12. Executing OPT_MERGE pass (detect identical cells).
Finding identical cells in module `\przesuniecie_rtl'.
Removed a total of 0 cells.

3.13.13. Executing OPT_RMDFF pass (remove dff with constant values).

3.13.14. Executing OPT_CLEAN pass (remove unused cells and wires).
Finding unused cells or wires in module \przesuniecie_rtl..

3.13.15. Executing OPT_EXPR pass (perform const folding).
Optimizing module przesuniecie_rtl.

3.13.16. Finished OPT passes. (There is nothing left to do.)

3.14. Executing FSM pass (extract and optimize FSM).

3.14.1. Executing FSM_DETECT pass (finding FSMs in design).

3.14.2. Executing FSM_EXTRACT pass (extracting FSM from design).

3.14.3. Executing FSM_OPT pass (simple optimizations of FSMs).

3.14.4. Executing OPT_CLEAN pass (remove unused cells and wires).
Finding unused cells or wires in module \przesuniecie_rtl..

3.14.5. Executing FSM_OPT pass (simple optimizations of FSMs).

3.14.6. Executing FSM_RECODE pass (re-assigning FSM state encoding).

3.14.7. Executing FSM_INFO pass (dumping all available information on FSM cells).

3.14.8. Executing FSM_MAP pass (mapping FSMs to basic logic).

3.15. Executing OPT pass (performing simple optimizations).

3.15.1. Executing OPT_EXPR pass (perform const folding).
Optimizing module przesuniecie_rtl.

3.15.2. Executing OPT_MERGE pass (detect identical cells).
Finding identical cells in module `\przesuniecie_rtl'.
Removed a total of 0 cells.

3.15.3. Executing OPT_RMDFF pass (remove dff with constant values).

3.15.4. Executing OPT_CLEAN pass (remove unused cells and wires).
Finding unused cells or wires in module \przesuniecie_rtl..

3.15.5. Finished fast OPT passes.

3.16. Executing MEMORY pass.

3.16.1. Executing MEMORY_DFF pass (merging $dff cells to $memrd and $memwr).

3.16.2. Executing OPT_CLEAN pass (remove unused cells and wires).
Finding unused cells or wires in module \przesuniecie_rtl..

3.16.3. Executing MEMORY_SHARE pass (consolidating $memrd/$memwr cells).

3.16.4. Executing OPT_CLEAN pass (remove unused cells and wires).
Finding unused cells or wires in module \przesuniecie_rtl..

3.16.5. Executing MEMORY_COLLECT pass (generating $mem cells).

3.17. Executing OPT_CLEAN pass (remove unused cells and wires).
Finding unused cells or wires in module \przesuniecie_rtl..

3.18. Executing OPT pass (performing simple optimizations).

3.18.1. Executing OPT_EXPR pass (perform const folding).
Optimizing module przesuniecie_rtl.
<suppressed ~7 debug messages>

3.18.2. Executing OPT_MERGE pass (detect identical cells).
Finding identical cells in module `\przesuniecie_rtl'.
Removed a total of 0 cells.

3.18.3. Executing OPT_RMDFF pass (remove dff with constant values).

3.18.4. Executing OPT_CLEAN pass (remove unused cells and wires).
Finding unused cells or wires in module \przesuniecie_rtl..
Removed 0 unused cells and 2 unused wires.
<suppressed ~1 debug messages>

3.18.5. Finished fast OPT passes.

3.19. Executing MEMORY_MAP pass (converting $mem cells to logic and flip-flops).

3.20. Executing OPT pass (performing simple optimizations).

3.20.1. Executing OPT_EXPR pass (perform const folding).
Optimizing module przesuniecie_rtl.

3.20.2. Executing OPT_MERGE pass (detect identical cells).
Finding identical cells in module `\przesuniecie_rtl'.
Removed a total of 0 cells.

3.20.3. Executing OPT_MUXTREE pass (detect dead branches in mux trees).
Running muxtree optimizer on module \przesuniecie_rtl..
  Creating internal representation of mux trees.
  Evaluating internal representation of mux trees.
  Analyzing evaluation results.
Removed 0 multiplexer ports.
<suppressed ~2 debug messages>

3.20.4. Executing OPT_REDUCE pass (consolidate $*mux and $reduce_* inputs).
  Optimizing cells in module \przesuniecie_rtl.
    Consolidated identical input bits for $mux cell $ternary$przesuniecie.sv:35$18:
      Old ports: A=32'11111111111111111111111111111111, B=0, Y=$3\o_result[31:0]
      New ports: A=1'1, B=1'0, Y=$3\o_result[31:0] [0]
      New connections: $3\o_result[31:0] [31:1] = { $3\o_result[31:0] [0] $3\o_result[31:0] [0] $3\o_result[31:0] [0] $3\o_result[31:0] [0] $3\o_result[31:0] [0] $3\o_result[31:0] [0] $3\o_result[31:0] [0] $3\o_result[31:0] [0] $3\o_result[31:0] [0] $3\o_result[31:0] [0] $3\o_result[31:0] [0] $3\o_result[31:0] [0] $3\o_result[31:0] [0] $3\o_result[31:0] [0] $3\o_result[31:0] [0] $3\o_result[31:0] [0] $3\o_result[31:0] [0] $3\o_result[31:0] [0] $3\o_result[31:0] [0] $3\o_result[31:0] [0] $3\o_result[31:0] [0] $3\o_result[31:0] [0] $3\o_result[31:0] [0] $3\o_result[31:0] [0] $3\o_result[31:0] [0] $3\o_result[31:0] [0] $3\o_result[31:0] [0] $3\o_result[31:0] [0] $3\o_result[31:0] [0] $3\o_result[31:0] [0] $3\o_result[31:0] [0] }
  Optimizing cells in module \przesuniecie_rtl.
Performed a total of 1 changes.

3.20.5. Executing OPT_MERGE pass (detect identical cells).
Finding identical cells in module `\przesuniecie_rtl'.
Removed a total of 0 cells.

3.20.6. Executing OPT_RMDFF pass (remove dff with constant values).

3.20.7. Executing OPT_CLEAN pass (remove unused cells and wires).
Finding unused cells or wires in module \przesuniecie_rtl..

3.20.8. Executing OPT_EXPR pass (perform const folding).
Optimizing module przesuniecie_rtl.
<suppressed ~1 debug messages>

3.20.9. Rerunning OPT passes. (Maybe there is more to do..)

3.20.10. Executing OPT_MUXTREE pass (detect dead branches in mux trees).
Running muxtree optimizer on module \przesuniecie_rtl..
  Creating internal representation of mux trees.
  Evaluating internal representation of mux trees.
  Analyzing evaluation results.
Removed 0 multiplexer ports.
<suppressed ~2 debug messages>

3.20.11. Executing OPT_REDUCE pass (consolidate $*mux and $reduce_* inputs).
  Optimizing cells in module \przesuniecie_rtl.
Performed a total of 0 changes.

3.20.12. Executing OPT_MERGE pass (detect identical cells).
Finding identical cells in module `\przesuniecie_rtl'.
Removed a total of 0 cells.

3.20.13. Executing OPT_RMDFF pass (remove dff with constant values).

3.20.14. Executing OPT_CLEAN pass (remove unused cells and wires).
Finding unused cells or wires in module \przesuniecie_rtl..

3.20.15. Executing OPT_EXPR pass (perform const folding).
Optimizing module przesuniecie_rtl.

3.20.16. Finished OPT passes. (There is nothing left to do.)

3.21. Executing TECHMAP pass (map to technology primitives).

3.21.1. Executing Verilog-2005 frontend: <techmap.v>
Parsing Verilog input from `<techmap.v>' to AST representation.
Generating RTLIL representation for module `\_90_simplemap_bool_ops'.
Generating RTLIL representation for module `\_90_simplemap_reduce_ops'.
Generating RTLIL representation for module `\_90_simplemap_logic_ops'.
Generating RTLIL representation for module `\_90_simplemap_compare_ops'.
Generating RTLIL representation for module `\_90_simplemap_various'.
Generating RTLIL representation for module `\_90_simplemap_registers'.
Generating RTLIL representation for module `\_90_shift_ops_shr_shl_sshl_sshr'.
Generating RTLIL representation for module `\_90_shift_shiftx'.
Generating RTLIL representation for module `\_90_fa'.
Generating RTLIL representation for module `\_90_lcu'.
Generating RTLIL representation for module `\_90_alu'.
Generating RTLIL representation for module `\_90_macc'.
Generating RTLIL representation for module `\_90_alumacc'.
Generating RTLIL representation for module `\$__div_mod_u'.
Generating RTLIL representation for module `\$__div_mod'.
Generating RTLIL representation for module `\_90_div'.
Generating RTLIL representation for module `\_90_mod'.
Generating RTLIL representation for module `\_90_pow'.
Generating RTLIL representation for module `\_90_pmux'.
Generating RTLIL representation for module `\_90_lut'.
Successfully finished Verilog frontend.

3.21.2. Continuing TECHMAP pass.
Using extmapper simplemap for cells of type $not.
Using extmapper simplemap for cells of type $logic_and.
Using template $paramod$constmap:b9a86d073741c2a0f7bb241e73c2dd11747f3288$paramod$b11252479d62a4b4e0b25de06cb2d80b446b12e4\_90_shift_ops_shr_shl_sshl_sshr for cells of type $shr.
Using extmapper simplemap for cells of type $xor.
Using extmapper simplemap for cells of type $logic_not.
Using extmapper simplemap for cells of type $eq.
Using extmapper simplemap for cells of type $logic_or.
Using template $paramod\_90_alu\A_SIGNED=1\B_SIGNED=1\A_WIDTH=7\B_WIDTH=32\Y_WIDTH=32 for cells of type $alu.
Using extmapper simplemap for cells of type $reduce_and.
Using extmapper simplemap for cells of type $or.
Using template $paramod\_90_alu\A_SIGNED=1\B_SIGNED=1\A_WIDTH=1\B_WIDTH=32\Y_WIDTH=32 for cells of type $alu.
Using extmapper simplemap for cells of type $and.
Using template $paramod\_90_lcu\WIDTH=32 for cells of type $lcu.
Using extmapper simplemap for cells of type $pos.
No more expansions possible.
<suppressed ~1200 debug messages>

3.22. Executing OPT pass (performing simple optimizations).

3.22.1. Executing OPT_EXPR pass (perform const folding).
Optimizing module przesuniecie_rtl.
<suppressed ~829 debug messages>

3.22.2. Executing OPT_MERGE pass (detect identical cells).
Finding identical cells in module `\przesuniecie_rtl'.
<suppressed ~606 debug messages>
Removed a total of 202 cells.

3.22.3. Executing OPT_RMDFF pass (remove dff with constant values).

3.22.4. Executing OPT_CLEAN pass (remove unused cells and wires).
Finding unused cells or wires in module \przesuniecie_rtl..
Removed 153 unused cells and 421 unused wires.
<suppressed ~154 debug messages>

3.22.5. Finished fast OPT passes.

3.23. Executing ABC pass (technology mapping using ABC).

3.23.1. Extracting gate netlist of module `\przesuniecie_rtl' to `<abc-temp-dir>/input.blif'..
Extracted 533 gates and 599 wires to a netlist network with 64 inputs and 33 outputs.

3.23.1.1. Executing ABC.
Running ABC command: berkeley-abc -s -f <abc-temp-dir>/abc.script 2>&1
ABC: ABC command line: "source <abc-temp-dir>/abc.script".
ABC: 
ABC: + read_blif <abc-temp-dir>/input.blif 
ABC: + read_library <abc-temp-dir>/stdcells.genlib 
ABC: Entered genlib library with 17 gates from file "<abc-temp-dir>/stdcells.genlib".
ABC: + strash 
ABC: + dretime 
ABC: + retime 
ABC: + map 
ABC: + write_blif <abc-temp-dir>/output.blif 

3.23.1.2. Re-integrating ABC results.
ABC RESULTS:               AND cells:        5
ABC RESULTS:            ANDNOT cells:       81
ABC RESULTS:              AOI3 cells:        1
ABC RESULTS:               MUX cells:      161
ABC RESULTS:              NAND cells:       29
ABC RESULTS:               NOR cells:        5
ABC RESULTS:               NOT cells:        7
ABC RESULTS:              OAI3 cells:        1
ABC RESULTS:                OR cells:      122
ABC RESULTS:             ORNOT cells:       36
ABC RESULTS:               XOR cells:        2
ABC RESULTS:        internal signals:      502
ABC RESULTS:           input signals:       64
ABC RESULTS:          output signals:       33
Removing temp directory.

3.24. Executing OPT pass (performing simple optimizations).

3.24.1. Executing OPT_EXPR pass (perform const folding).
Optimizing module przesuniecie_rtl.
<suppressed ~129 debug messages>

3.24.2. Executing OPT_MERGE pass (detect identical cells).
Finding identical cells in module `\przesuniecie_rtl'.
Removed a total of 0 cells.

3.24.3. Executing OPT_RMDFF pass (remove dff with constant values).

3.24.4. Executing OPT_CLEAN pass (remove unused cells and wires).
Finding unused cells or wires in module \przesuniecie_rtl..
Removed 0 unused cells and 163 unused wires.
<suppressed ~1 debug messages>

3.24.5. Finished fast OPT passes.

3.25. Executing HIERARCHY pass (managing design hierarchy).

3.25.1. Analyzing design hierarchy..
Top module:  \przesuniecie_rtl

3.25.2. Analyzing design hierarchy..
Top module:  \przesuniecie_rtl
Removed 0 unused modules.

3.26. Printing statistics.

=== przesuniecie_rtl ===

   Number of wires:                421
   Number of wire bits:            514
   Number of public wires:           4
   Number of public wire bits:      97
   Number of memories:               0
   Number of memory bits:            0
   Number of processes:              0
   Number of cells:                450
     $_ANDNOT_                      81
     $_AND_                          5
     $_AOI3_                         1
     $_MUX_                        161
     $_NAND_                        29
     $_NOR_                          5
     $_NOT_                          7
     $_OAI3_                         1
     $_ORNOT_                       36
     $_OR_                         122
     $_XOR_                          2

3.27. Executing CHECK pass (checking for obvious problems).
checking module przesuniecie_rtl..
found and reported 0 problems.

4. Executing ABC pass (technology mapping using ABC).

4.1. Extracting gate netlist of module `\przesuniecie_rtl' to `<abc-temp-dir>/input.blif'..
Extracted 450 gates and 514 wires to a netlist network with 64 inputs and 33 outputs.

4.1.1. Executing ABC.
Running ABC command: berkeley-abc -s -f <abc-temp-dir>/abc.script 2>&1
ABC: ABC command line: "source <abc-temp-dir>/abc.script".
ABC: 
ABC: + read_blif <abc-temp-dir>/input.blif 
ABC: + read_library <abc-temp-dir>/stdcells.genlib 
ABC: Entered genlib library with 7 gates from file "<abc-temp-dir>/stdcells.genlib".
ABC: + strash 
ABC: + ifraig 
ABC: + scorr 
ABC: Warning: The network is combinational (run "fraig" or "fraig_sweep").
ABC: + dc2 
ABC: + dretime 
ABC: + retime 
ABC: + strash 
ABC: + &get -n 
ABC: + &dch -f 
ABC: + &nf 
ABC: + &put 
ABC: + write_blif <abc-temp-dir>/output.blif 

4.1.2. Re-integrating ABC results.
ABC RESULTS:               AND cells:      369
ABC RESULTS:               NOT cells:       14
ABC RESULTS:                OR cells:      297
ABC RESULTS:        internal signals:      417
ABC RESULTS:           input signals:       64
ABC RESULTS:          output signals:       33
Removing temp directory.

5. Executing OPT_CLEAN pass (remove unused cells and wires).
Finding unused cells or wires in module \przesuniecie_rtl..
Removed 0 unused cells and 514 unused wires.
<suppressed ~1 debug messages>

6. Executing Verilog backend.
Dumping module `\przesuniecie_rtl'.

7. Printing statistics.
